2019-07-20 11:35:08.457 [main] INFO  Base.TestBase - Starting LimeLight test Sat Jul 20 11:35:08 EDT 2019

2019-07-20 11:35:12.006 [main] INFO  Base.TestBase - Launching Chrome browser

2019-07-20 11:35:15.643 [main] INFO  TestCases.LoginPageTest - Testing TitleTest
2019-07-20 11:35:15.661 [main] INFO  TestCases.LoginPageTest - Test: TitleTest == Passed
2019-07-20 11:35:15.667 [main] INFO  TestCases.LoginPageTest - Testing FB_IconTest
2019-07-20 11:35:15.878 [main] INFO  TestCases.LoginPageTest - Test: FB_IconTest == Passed
2019-07-20 11:35:15.881 [main] INFO  TestCases.LoginPageTest - Testing Twitter_IconTest
2019-07-20 11:35:16.065 [main] INFO  TestCases.LoginPageTest - Test: Twitter_IconTest == Passed
2019-07-20 11:35:16.069 [main] INFO  TestCases.LoginPageTest - Testing ES_IconTest
2019-07-20 11:35:16.261 [main] INFO  TestCases.LoginPageTest - Test: ES_IconTest == Passed
2019-07-20 11:35:16.262 [main] INFO  TestCases.LoginPageTest - Testing PT_IconTest
2019-07-20 11:35:16.489 [main] INFO  TestCases.LoginPageTest - Test: PT_IconTest == Passed
2019-07-20 11:35:16.493 [main] INFO  TestCases.LoginPageTest - Testing FR_IconTest
2019-07-20 11:35:16.837 [main] INFO  TestCases.LoginPageTest - Test: FR_IconTest == Passed
2019-07-20 11:35:16.840 [main] INFO  TestCases.LoginPageTest - Testing RU_IconTest
2019-07-20 11:35:17.038 [main] INFO  TestCases.LoginPageTest - Test: RU_IconTest == Passed
2019-07-20 11:35:17.040 [main] INFO  TestCases.LoginPageTest - Testing IT_IconTest
2019-07-20 11:35:17.202 [main] INFO  TestCases.LoginPageTest - Test: IT_IconTest == Passed
2019-07-20 11:35:17.204 [main] INFO  TestCases.LoginPageTest - Testing JP_IconTest
2019-07-20 11:35:17.380 [main] INFO  TestCases.LoginPageTest - Test: JP_IconTest == Passed
2019-07-20 11:35:17.383 [main] INFO  TestCases.LoginPageTest - Testing SignUP_TabTest
2019-07-20 11:35:17.553 [main] INFO  TestCases.LoginPageTest - Test: SignUP_TabTest == Passed
2019-07-20 11:35:17.554 [main] INFO  TestCases.LoginPageTest - Testing About_TabTest
2019-07-20 11:35:17.736 [main] INFO  TestCases.LoginPageTest - Test: About_TabTest == Passed
2019-07-20 11:35:17.738 [main] INFO  TestCases.LoginPageTest - Testing CRM_TabTest
2019-07-20 11:35:17.926 [main] INFO  TestCases.LoginPageTest - Test: CRM_TabTest == Passed
2019-07-20 11:35:17.929 [main] INFO  TestCases.LoginPageTest - Testing Compare_TabTest
2019-07-20 11:35:18.123 [main] INFO  TestCases.LoginPageTest - Test: Compare_TabTest == Passed
2019-07-20 11:35:18.126 [main] INFO  TestCases.LoginPageTest - Testing Pricing_TabTest
2019-07-20 11:35:18.304 [main] INFO  TestCases.LoginPageTest - Test: Pricing_TabTest == Passed
2019-07-20 11:35:18.306 [main] INFO  TestCases.LoginPageTest - Testing iTunes_iconTest
2019-07-20 11:35:18.476 [main] INFO  TestCases.LoginPageTest - Test: iTunes_iconTest == Passed
2019-07-20 11:35:18.479 [main] INFO  TestCases.LoginPageTest - Testing Android_iconTest
2019-07-20 11:35:18.670 [main] INFO  TestCases.LoginPageTest - Test: Android_iconTest == Passed
2019-07-20 11:35:18.672 [main] INFO  TestCases.LoginPageTest - Testing LogIn_BtnTest
2019-07-20 11:35:18.863 [main] INFO  TestCases.LoginPageTest - Test: LogIn_BtnTest == Passed
2019-07-20 11:35:18.865 [main] INFO  TestCases.LoginPageTest - Testing SignUP_BtnTest
2019-07-20 11:35:19.035 [main] INFO  TestCases.LoginPageTest - Test: SignUP_BtnTest == Passed
2019-07-20 11:35:19.038 [main] INFO  TestCases.LoginPageTest - Testing LoginTest
2019-07-20 11:35:24.423 [main] INFO  TestCases.LoginPageTest - Test: LoginTest == Passed
2019-07-20 11:35:27.476 [main] INFO  Base.TestBase - Launching Chrome browser

2019-07-20 11:35:31.242 [main] INFO  TestCases.LoginPageTest - Testing LoginTest
2019-07-20 11:35:36.159 [main] INFO  TestCases.LoginPageTest - Test: LoginTest == Passed
2019-07-20 11:35:36.161 [main] INFO  TestCases.LoginPageTest - Testing TitleTest
2019-07-20 11:35:36.170 [main] INFO  TestCases.LoginPageTest - Test: TitleTest == Passed
2019-07-20 11:35:36.173 [main] INFO  TestCases.LoginPageTest - Testing Home_Tab_Test
2019-07-20 11:35:36.417 [main] INFO  TestCases.LoginPageTest - Test: Home_Tab_Test == Passed
2019-07-20 11:35:36.420 [main] INFO  TestCases.LoginPageTest - Testing Calendar_Tab_Test
2019-07-20 11:35:36.635 [main] INFO  TestCases.LoginPageTest - Test: Calendar_Tab_Test == Passed
2019-07-20 11:35:36.637 [main] INFO  TestCases.LoginPageTest - Testing Contacts_Tab_Test
2019-07-20 11:35:36.844 [main] INFO  TestCases.LoginPageTest - Test: Contacts_Tab_Test == Passed
2019-07-20 11:35:36.846 [main] INFO  TestCases.LoginPageTest - Testing Companies_Tab_Test
2019-07-20 11:35:37.101 [main] INFO  TestCases.LoginPageTest - Test: Companies_Tab_Test == Passed
2019-07-20 11:35:37.103 [main] INFO  TestCases.LoginPageTest - Testing Deals_Tab_Test
2019-07-20 11:35:37.273 [main] INFO  TestCases.LoginPageTest - Test: Deals_Tab_Test == Passed
2019-07-20 11:35:37.274 [main] INFO  TestCases.LoginPageTest - Testing Tasks_Tab_Test
2019-07-20 11:35:37.461 [main] INFO  TestCases.LoginPageTest - Test: Tasks_Tab_Test == Passed
2019-07-20 11:35:37.463 [main] INFO  TestCases.LoginPageTest - Testing Cases_Tab_Test
2019-07-20 11:35:37.673 [main] INFO  TestCases.LoginPageTest - Test: Cases_Tab_Test == Passed
2019-07-20 11:35:37.673 [main] INFO  TestCases.LoginPageTest - Testing Calls_Tab_Test
2019-07-20 11:35:37.911 [main] INFO  TestCases.LoginPageTest - Test: Calls_Tab_Test == Passed
2019-07-20 11:35:37.913 [main] INFO  TestCases.LoginPageTest - Testing Documents_Tab_Test
2019-07-20 11:35:38.093 [main] INFO  TestCases.LoginPageTest - Test: Documents_Tab_Test == Passed
2019-07-20 11:35:38.095 [main] INFO  TestCases.LoginPageTest - Testing Email_Tab_Test
2019-07-20 11:35:38.276 [main] INFO  TestCases.LoginPageTest - Test: Email_Tab_Test == Passed
2019-07-20 11:35:38.278 [main] INFO  TestCases.LoginPageTest - Testing Campaigns_Tab_Test
2019-07-20 11:35:38.540 [main] INFO  TestCases.LoginPageTest - Test: Campaigns_Tab_Test == Passed
2019-07-20 11:35:39.336 [main] INFO  Base.TestBase - Finishing LimeLight test Sat Jul 20 11:35:39 EDT 2019

2019-07-20 11:35:39.336 [main] INFO  Base.TestBase - Test execution took 30 Seconds
